<?xml version="1.0" encoding="UTF-8"?>
<!-- Generated by org.testng.reporters.JUnitXMLReporter -->
<testsuite ignored="0" hostname="DESKTOP-2G546S3" failures="0" tests="8" name="Default test" time="12.819" errors="0" timestamp="2026-08-24T22:33:25 GMT+07:00">
  <testcase classname="api.test.Store.FindPurchaseOrderByIdTests" name="MainFunctionality" time="1.302"/>
  <testcase classname="api.test.Store.FindPurchaseOrderByIdTests" name="ResponseBody" time="1.499"/>
  <testcase classname="api.test.Store.FindPurchaseOrderByIdTests" name="Validation_InvalidDataTypeParams" time="1.222"/>
  <testcase classname="api.test.Store.FindPurchaseOrderByIdTests" name="Validation_InvalidDataTypeParams" time="1.252"/>
  <testcase classname="api.test.Store.FindPurchaseOrderByIdTests" name="Validation_InvalidDataTypeParams" time="1.236"/>
  <testcase classname="api.test.Store.FindPurchaseOrderByIdTests" name="Validation_OutOfBoundRequest" time="1.231"/>
  <testcase classname="api.test.Store.FindPurchaseOrderByIdTests" name="Validation_OutOfBoundRequest" time="1.271"/>
  <testcase classname="api.test.Store.FindPurchaseOrderByIdTests" name="Validation_OutOfBoundRequest" time="1.293"/>
</testsuite> <!-- Default test -->
