<?xml version="1.0" encoding="UTF-8"?>
<testng-results ignored="0" total="7" passed="5" failed="2" skipped="0">
  <reporter-output>
  </reporter-output>
  <suite started-at="2026-09-06T21:14:02 GMT+07:00" name="Default suite" finished-at="2026-09-06T21:14:19 GMT+07:00" duration-ms="17312">
    <groups>
    </groups>
    <test started-at="2026-09-06T21:14:02 GMT+07:00" name="Default test" finished-at="2026-09-06T21:14:19 GMT+07:00" duration-ms="17312">
      <class name="api.test.Pet.UploadAImageTests">
        <test-method is-config="true" signature="setup()[pri:0, instance:api.test.Pet.UploadAImageTests@6572421]" started-at="2026-09-06T21:14:02 GMT+07:00" name="setup" finished-at="2026-09-06T21:14:02 GMT+07:00" duration-ms="367" status="PASS">
          <reporter-output>
          </reporter-output>
        </test-method> <!-- setup -->
        <test-method signature="MainFunctionality()[pri:0, instance:api.test.Pet.UploadAImageTests@6572421]" started-at="2026-09-06T21:14:02 GMT+07:00" name="MainFunctionality" finished-at="2026-09-06T21:14:07 GMT+07:00" duration-ms="5293" status="PASS">
          <reporter-output>
          </reporter-output>
        </test-method> <!-- MainFunctionality -->
        <test-method signature="RepsonseBody()[pri:0, instance:api.test.Pet.UploadAImageTests@6572421]" started-at="2026-09-06T21:14:07 GMT+07:00" name="RepsonseBody" finished-at="2026-09-06T21:14:10 GMT+07:00" duration-ms="2213" status="PASS">
          <reporter-output>
          </reporter-output>
        </test-method> <!-- RepsonseBody -->
        <test-method signature="Validation_requestInvalidIds(java.lang.Object)[pri:0, instance:api.test.Pet.UploadAImageTests@6572421]" started-at="2026-09-06T21:14:10 GMT+07:00" name="Validation_requestInvalidIds" data-provider="InvalidIds" finished-at="2026-09-06T21:14:12 GMT+07:00" duration-ms="1952" status="FAIL">
          <params>
            <param index="0">
              <value>
                <![CDATA[9999]]>
              </value>
            </param>
          </params>
          <exception class="java.lang.AssertionError">
            <message>
              <![CDATA[Unexpected status code expected [true] but found [false]]]>
            </message>
            <full-stacktrace>
              <![CDATA[java.lang.AssertionError: Unexpected status code expected [true] but found [false]
at org.testng.Assert.fail(Assert.java:111)
at org.testng.Assert.failNotEquals(Assert.java:1590)
at org.testng.Assert.assertTrue(Assert.java:57)
at api.test.Pet.UploadAImageTests.Validation_requestInvalidIds(UploadAImageTests.java:111)
at java.base/jdk.internal.reflect.DirectMethodHandleAccessor.invoke(DirectMethodHandleAccessor.java:104)
at java.base/java.lang.reflect.Method.invoke(Method.java:565)
at org.testng.internal.invokers.MethodInvocationHelper.invokeMethod(MethodInvocationHelper.java:141)
at org.testng.internal.invokers.TestInvoker.invokeMethod(TestInvoker.java:697)
at org.testng.internal.invokers.TestInvoker.invokeTestMethod(TestInvoker.java:230)
at org.testng.internal.invokers.MethodRunner.runInSequence(MethodRunner.java:63)
at org.testng.internal.invokers.TestInvoker$MethodInvocationAgent.invoke(TestInvoker.java:1005)
at org.testng.internal.invokers.TestInvoker.invokeTestMethods(TestInvoker.java:203)
at org.testng.internal.invokers.TestMethodWorker.invokeTestMethods(TestMethodWorker.java:154)
at org.testng.internal.invokers.TestMethodWorker.run(TestMethodWorker.java:134)
at java.base/java.util.ArrayList.forEach(ArrayList.java:1604)
at org.testng.TestRunner.privateRun(TestRunner.java:744)
at org.testng.TestRunner.run(TestRunner.java:616)
at org.testng.SuiteRunner.runTest(SuiteRunner.java:421)
at org.testng.SuiteRunner.runSequentially(SuiteRunner.java:413)
at org.testng.SuiteRunner.privateRun(SuiteRunner.java:373)
at org.testng.SuiteRunner.run(SuiteRunner.java:312)
at org.testng.SuiteRunnerWorker.runSuite(SuiteRunnerWorker.java:52)
at org.testng.SuiteRunnerWorker.run(SuiteRunnerWorker.java:95)
at org.testng.TestNG.runSuitesSequentially(TestNG.java:1274)
at org.testng.TestNG.runSuitesLocally(TestNG.java:1208)
at org.testng.TestNG.runSuites(TestNG.java:1112)
at org.testng.TestNG.run(TestNG.java:1079)
at org.testng.remote.AbstractRemoteTestNG.run(AbstractRemoteTestNG.java:115)
at org.testng.remote.RemoteTestNG.initAndRun(RemoteTestNG.java:293)
at org.testng.remote.RemoteTestNG.main(RemoteTestNG.java:91)
]]>
            </full-stacktrace>
          </exception> <!-- java.lang.AssertionError -->
          <reporter-output>
          </reporter-output>
        </test-method> <!-- Validation_requestInvalidIds -->
        <test-method signature="Validation_requestInvalidIds(java.lang.Object)[pri:0, instance:api.test.Pet.UploadAImageTests@6572421]" started-at="2026-09-06T21:14:12 GMT+07:00" name="Validation_requestInvalidIds" data-provider="InvalidIds" finished-at="2026-09-06T21:14:13 GMT+07:00" duration-ms="1205" status="PASS">
          <params>
            <param index="0">
              <value>
                <![CDATA[test]]>
              </value>
            </param>
          </params>
          <reporter-output>
          </reporter-output>
        </test-method> <!-- Validation_requestInvalidIds -->
        <test-method signature="Validation_requestInvalidIds(java.lang.Object)[pri:0, instance:api.test.Pet.UploadAImageTests@6572421]" started-at="2026-09-06T21:14:13 GMT+07:00" name="Validation_requestInvalidIds" data-provider="InvalidIds" finished-at="2026-09-06T21:14:15 GMT+07:00" duration-ms="2490" status="FAIL">
          <params>
            <param index="0">
              <value>
                <![CDATA[-1]]>
              </value>
            </param>
          </params>
          <exception class="java.lang.AssertionError">
            <message>
              <![CDATA[Unexpected status code expected [true] but found [false]]]>
            </message>
            <full-stacktrace>
              <![CDATA[java.lang.AssertionError: Unexpected status code expected [true] but found [false]
at org.testng.Assert.fail(Assert.java:111)
at org.testng.Assert.failNotEquals(Assert.java:1590)
at org.testng.Assert.assertTrue(Assert.java:57)
at api.test.Pet.UploadAImageTests.Validation_requestInvalidIds(UploadAImageTests.java:111)
at java.base/jdk.internal.reflect.DirectMethodHandleAccessor.invoke(DirectMethodHandleAccessor.java:104)
at java.base/java.lang.reflect.Method.invoke(Method.java:565)
at org.testng.internal.invokers.MethodInvocationHelper.invokeMethod(MethodInvocationHelper.java:141)
at org.testng.internal.invokers.TestInvoker.invokeMethod(TestInvoker.java:697)
at org.testng.internal.invokers.TestInvoker.invokeTestMethod(TestInvoker.java:230)
at org.testng.internal.invokers.MethodRunner.runInSequence(MethodRunner.java:63)
at org.testng.internal.invokers.TestInvoker$MethodInvocationAgent.invoke(TestInvoker.java:1005)
at org.testng.internal.invokers.TestInvoker.invokeTestMethods(TestInvoker.java:203)
at org.testng.internal.invokers.TestMethodWorker.invokeTestMethods(TestMethodWorker.java:154)
at org.testng.internal.invokers.TestMethodWorker.run(TestMethodWorker.java:134)
at java.base/java.util.ArrayList.forEach(ArrayList.java:1604)
at org.testng.TestRunner.privateRun(TestRunner.java:744)
at org.testng.TestRunner.run(TestRunner.java:616)
at org.testng.SuiteRunner.runTest(SuiteRunner.java:421)
at org.testng.SuiteRunner.runSequentially(SuiteRunner.java:413)
at org.testng.SuiteRunner.privateRun(SuiteRunner.java:373)
at org.testng.SuiteRunner.run(SuiteRunner.java:312)
at org.testng.SuiteRunnerWorker.runSuite(SuiteRunnerWorker.java:52)
at org.testng.SuiteRunnerWorker.run(SuiteRunnerWorker.java:95)
at org.testng.TestNG.runSuitesSequentially(TestNG.java:1274)
at org.testng.TestNG.runSuitesLocally(TestNG.java:1208)
at org.testng.TestNG.runSuites(TestNG.java:1112)
at org.testng.TestNG.run(TestNG.java:1079)
at org.testng.remote.AbstractRemoteTestNG.run(AbstractRemoteTestNG.java:115)
at org.testng.remote.RemoteTestNG.initAndRun(RemoteTestNG.java:293)
at org.testng.remote.RemoteTestNG.main(RemoteTestNG.java:91)
]]>
            </full-stacktrace>
          </exception> <!-- java.lang.AssertionError -->
          <reporter-output>
          </reporter-output>
        </test-method> <!-- Validation_requestInvalidIds -->
        <test-method signature="Validation_requestInvalidIds(java.lang.Object)[pri:0, instance:api.test.Pet.UploadAImageTests@6572421]" started-at="2026-09-06T21:14:15 GMT+07:00" name="Validation_requestInvalidIds" data-provider="InvalidIds" finished-at="2026-09-06T21:14:18 GMT+07:00" duration-ms="2524" status="PASS">
          <params>
            <param index="0">
              <value>
                <![CDATA[@@@@@]]>
              </value>
            </param>
          </params>
          <reporter-output>
          </reporter-output>
        </test-method> <!-- Validation_requestInvalidIds -->
        <test-method signature="Validation_requestWithoutFormData()[pri:0, instance:api.test.Pet.UploadAImageTests@6572421]" started-at="2026-09-06T21:14:18 GMT+07:00" name="Validation_requestWithoutFormData" finished-at="2026-09-06T21:14:19 GMT+07:00" duration-ms="1222" status="PASS">
          <reporter-output>
          </reporter-output>
        </test-method> <!-- Validation_requestWithoutFormData -->
      </class> <!-- api.test.Pet.UploadAImageTests -->
    </test> <!-- Default test -->
  </suite> <!-- Default suite -->
</testng-results>
