<?xml version="1.0" encoding="UTF-8"?>
<testng-results ignored="0" total="4" passed="4" failed="0" skipped="0">
  <reporter-output>
  </reporter-output>
  <suite started-at="2026-07-08T22:20:17 GMT+07:00" name="PetSuite" finished-at="2026-07-08T22:20:25 GMT+07:00" duration-ms="7774">
    <groups>
    </groups>
    <test started-at="2026-07-08T22:20:17 GMT+07:00" name="PetTest" finished-at="2026-07-08T22:20:25 GMT+07:00" duration-ms="7774">
      <class name="api.test.UserTests">
        <test-method is-config="true" signature="setupData()[pri:0, instance:api.test.UserTests@7c729a55]" started-at="2026-07-08T22:20:17 GMT+07:00" name="setupData" finished-at="2026-07-08T22:20:18 GMT+07:00" duration-ms="457" status="PASS">
          <reporter-output>
          </reporter-output>
        </test-method> <!-- setupData -->
        <test-method signature="testPostUser()[pri:1, instance:api.test.UserTests@7c729a55]" started-at="2026-07-08T22:20:18 GMT+07:00" name="testPostUser" finished-at="2026-07-08T22:20:20 GMT+07:00" duration-ms="2421" status="PASS">
          <reporter-output>
          </reporter-output>
        </test-method> <!-- testPostUser -->
        <test-method signature="testGetUserByName()[pri:2, instance:api.test.UserTests@7c729a55]" started-at="2026-07-08T22:20:20 GMT+07:00" name="testGetUserByName" finished-at="2026-07-08T22:20:21 GMT+07:00" duration-ms="1193" status="PASS">
          <reporter-output>
          </reporter-output>
        </test-method> <!-- testGetUserByName -->
        <test-method signature="testUpdateUserByName()[pri:3, instance:api.test.UserTests@7c729a55]" started-at="2026-07-08T22:20:21 GMT+07:00" name="testUpdateUserByName" finished-at="2026-07-08T22:20:24 GMT+07:00" duration-ms="2353" status="PASS">
          <reporter-output>
          </reporter-output>
        </test-method> <!-- testUpdateUserByName -->
        <test-method signature="testDeleteUserByName()[pri:4, instance:api.test.UserTests@7c729a55]" started-at="2026-07-08T22:20:24 GMT+07:00" name="testDeleteUserByName" finished-at="2026-07-08T22:20:25 GMT+07:00" duration-ms="1194" status="PASS">
          <reporter-output>
          </reporter-output>
        </test-method> <!-- testDeleteUserByName -->
      </class> <!-- api.test.UserTests -->
    </test> <!-- PetTest -->
  </suite> <!-- PetSuite -->
</testng-results>
