<?xml version="1.0" encoding="UTF-8"?>
<!-- Generated by org.testng.reporters.JUnitReportReporter -->
<testsuite hostname="DESKTOP-2G546S3" failures="0" tests="6" name="api.test.DataDrivenTest" time="8.204" errors="0" timestamp="2026-07-08T22:03:17 GMT+07:00" skipped="0">
  <testcase classname="api.test.DataDrivenTest" name="testPostUser" time="1.197"/>
  <testcase classname="api.test.DataDrivenTest" name="testPostUser" time="1.173"/>
  <testcase classname="api.test.DataDrivenTest" name="testPostUser" time="2.290"/>
  <testcase classname="api.test.DataDrivenTest" name="testDeleteUserByName" time="1.187"/>
  <testcase classname="api.test.DataDrivenTest" name="testDeleteUserByName" time="1.183"/>
  <testcase classname="api.test.DataDrivenTest" name="testDeleteUserByName" time="1.174"/>
</testsuite> <!-- api.test.DataDrivenTest -->
