<?xml version="1.0" encoding="UTF-8"?>
<!-- Generated by org.testng.reporters.JUnitReportReporter -->
<testsuite hostname="DESKTOP-2G546S3" failures="0" tests="4" name="api.test.UserTests2" time="7.489" errors="0" timestamp="2026-07-20T21:00:25 GMT+07:00" skipped="0">
  <testcase classname="api.test.UserTests2" name="testPostUser" time="2.444"/>
  <testcase classname="api.test.UserTests2" name="testGetUserByName" time="1.283"/>
  <testcase classname="api.test.UserTests2" name="testUpdateUserByName" time="2.529"/>
  <testcase classname="api.test.UserTests2" name="testDeleteUserByName" time="1.233"/>
</testsuite> <!-- api.test.UserTests2 -->
