<?xml version="1.0" encoding="UTF-8"?>
<!-- Generated by org.testng.reporters.JUnitReportReporter -->
<testsuite hostname="DESKTOP-2G546S3" failures="0" tests="4" name="api.test.UserTests2" time="7.591" errors="0" timestamp="2026-07-14T22:16:02 GMT+07:00" skipped="0">
  <testcase classname="api.test.UserTests2" name="testPostUser" time="2.530"/>
  <testcase classname="api.test.UserTests2" name="testGetUserByName" time="1.252"/>
  <testcase classname="api.test.UserTests2" name="testUpdateUserByName" time="2.555"/>
  <testcase classname="api.test.UserTests2" name="testDeleteUserByName" time="1.254"/>
</testsuite> <!-- api.test.UserTests2 -->
