<?xml version="1.0" encoding="UTF-8"?>
<!-- Generated by org.testng.reporters.JUnitReportReporter -->
<testsuite hostname="DESKTOP-2G546S3" failures="0" tests="3" name="api.test.Pet.FindPetsByIdTest" time="4.235" errors="0" timestamp="2026-09-17T20:11:17 GMT+07:00" skipped="0">
  <testcase classname="api.test.Pet.FindPetsByIdTest" name="Validation_FindPetWithInvalidIds" time="1.480"/>
  <testcase classname="api.test.Pet.FindPetsByIdTest" name="Validation_FindPetWithInvalidIds" time="1.466"/>
  <testcase classname="api.test.Pet.FindPetsByIdTest" name="Validation_FindPetWithInvalidIds" time="1.289"/>
</testsuite> <!-- api.test.Pet.FindPetsByIdTest -->
