<?xml version="1.0" encoding="UTF-8"?>
<!-- Generated by org.testng.reporters.JUnitReportReporter -->
<testsuite hostname="DESKTOP-2G546S3" failures="0" tests="4" name="api.test.Pet.AddANewPetToTheStore" time="6.253" errors="0" timestamp="2026-09-08T21:07:00 GMT+07:00" skipped="0">
  <testcase classname="api.test.Pet.AddANewPetToTheStore" name="ResponseBody" time="2.580"/>
  <testcase classname="api.test.Pet.AddANewPetToTheStore" name="mainFunctionality" time="1.202"/>
  <testcase classname="api.test.Pet.AddANewPetToTheStore" name="Validation_requestWithoutRequiredFields" time="1.182"/>
  <testcase classname="api.test.Pet.AddANewPetToTheStore" name="validation_fieldsSchema" time="1.289"/>
</testsuite> <!-- api.test.Pet.AddANewPetToTheStore -->
