<?xml version="1.0" encoding="UTF-8"?>
<!-- Generated by org.testng.reporters.JUnitXMLReporter -->
<testsuite ignored="0" hostname="DESKTOP-2G546S3" failures="0" tests="4" name="PetTest" time="8.308" errors="0" timestamp="2026-07-14T22:16:02 GMT+07:00">
  <testcase classname="api.test.UserTests2" name="testPostUser" time="2.53"/>
  <testcase classname="api.test.UserTests2" name="testGetUserByName" time="1.252"/>
  <testcase classname="api.test.UserTests2" name="testUpdateUserByName" time="2.555"/>
  <testcase classname="api.test.UserTests2" name="testDeleteUserByName" time="1.254"/>
</testsuite> <!-- PetTest -->
